d:\lightlda\lightlda\windows\lightlda\x64\release\vc120.pdb
d:\lightlda\lightlda\windows\lightlda\x64\release\common.obj
d:\lightlda\lightlda\windows\lightlda\x64\release\trainer.obj
d:\lightlda\lightlda\windows\lightlda\x64\release\sampler.obj
d:\lightlda\lightlda\windows\lightlda\x64\release\model.obj
d:\lightlda\lightlda\windows\lightlda\x64\release\meta.obj
d:\lightlda\lightlda\windows\lightlda\x64\release\lightlda.obj
d:\lightlda\lightlda\windows\lightlda\x64\release\eval.obj
d:\lightlda\lightlda\windows\lightlda\x64\release\document.obj
d:\lightlda\lightlda\windows\lightlda\x64\release\data_stream.obj
d:\lightlda\lightlda\windows\lightlda\x64\release\data_block.obj
d:\lightlda\lightlda\windows\lightlda\x64\release\alias_table.obj
d:\lightlda\lightlda\windows\x64\release\lightlda.exe
d:\lightlda\lightlda\windows\x64\release\lightlda.pdb
d:\lightlda\lightlda\windows\lightlda\x64\release\lightlda.tlog\cl.command.1.tlog
d:\lightlda\lightlda\windows\lightlda\x64\release\lightlda.tlog\cl.read.1.tlog
d:\lightlda\lightlda\windows\lightlda\x64\release\lightlda.tlog\cl.write.1.tlog
d:\lightlda\lightlda\windows\lightlda\x64\release\lightlda.tlog\link.command.1.tlog
d:\lightlda\lightlda\windows\lightlda\x64\release\lightlda.tlog\link.read.1.tlog
d:\lightlda\lightlda\windows\lightlda\x64\release\lightlda.tlog\link.write.1.tlog
